# JRE version: OpenJDK Runtime Environment (21.0.6) (build 21.0.6+-13391695-b895.109)
# Java VM: OpenJDK 64-Bit Server VM (21.0.6+-13391695-b895.109, mixed mode, tiered, compressed oops, compressed class ptrs, g1 gc, windows-amd64)
GC Precious Log:
 CardTable entry size: 512
 Card Set container configuration: InlinePtr #cards 5 size 8 Array Of Cards #cards 12 size 40 Howl #buckets 4 coarsen threshold 1843 Howl Bitmap #cards 512 size 80 coarsen threshold 460 Card regions per heap region 1 cards per card region 2048
 CPUs: 12 total, 12 available
 Memory: 7531M
 Large Page Support: Disabled
 NUMA Support: Disabled
 Compressed Oops: Enabled (32-bit)
 Heap Region Size: 1M
 Heap Min Capacity: 8M
 Heap Initial Capacity: 118M
 Heap Max Capacity: 2G
 Pre-touch: Disabled
 Parallel Workers: 10
 Concurrent Workers: 3
 Concurrent Refinement Workers: 10
 Periodic GC: Disabled
Heap:
 garbage-first heap   total 302080K, used 252338K [0x0000000080000000, 0x0000000100000000)
  region size 1024K, 4 young (4096K), 4 survivors (4096K)
 Metaspace       used 127612K, committed 129984K, reserved 1179648K
  class space    used 17131K, committed 18304K, reserved 1048576K
GC Heap History (20 events):
Event: 28.075 GC heap after
{Heap after GC invocations=51 (full 0):
 garbage-first heap   total 208896K, used 122848K [0x0000000080000000, 0x0000000100000000)
  region size 1024K, 8 young (8192K), 8 survivors (8192K)
 Metaspace       used 119043K, committed 121344K, reserved 1179648K
  class space    used 15977K, committed 17152K, reserved 1048576K
}
Event: 29.053 GC heap before
{Heap before GC invocations=52 (full 0):
 garbage-first heap   total 208896K, used 187360K [0x0000000080000000, 0x0000000100000000)
  region size 1024K, 72 young (73728K), 8 survivors (8192K)
 Metaspace       used 119322K, committed 121664K, reserved 1179648K
  class space    used 16005K, committed 17216K, reserved 1048576K
}
Event: 29.063 GC heap after
{Heap after GC invocations=53 (full 0):
 garbage-first heap   total 208896K, used 126777K [0x0000000080000000, 0x0000000100000000)
  region size 1024K, 9 young (9216K), 9 survivors (9216K)
 Metaspace       used 119322K, committed 121664K, reserved 1179648K
  class space    used 16005K, committed 17216K, reserved 1048576K
}
Event: 30.146 GC heap before
{Heap before GC invocations=53 (full 0):
 garbage-first heap   total 208896K, used 186169K [0x0000000080000000, 0x0000000100000000)
  region size 1024K, 68 young (69632K), 9 survivors (9216K)
 Metaspace       used 120045K, committed 122368K, reserved 1179648K
  class space    used 16128K, committed 17280K, reserved 1048576K
}
Event: 30.156 GC heap after
{Heap after GC invocations=54 (full 0):
 garbage-first heap   total 208896K, used 127975K [0x0000000080000000, 0x0000000100000000)
  region size 1024K, 5 young (5120K), 5 survivors (5120K)
 Metaspace       used 120045K, committed 122368K, reserved 1179648K
  class space    used 16128K, committed 17280K, reserved 1048576K
}
Event: 30.949 GC heap before
{Heap before GC invocations=54 (full 0):
 garbage-first heap   total 208896K, used 190439K [0x0000000080000000, 0x0000000100000000)
  region size 1024K, 67 young (68608K), 5 survivors (5120K)
 Metaspace       used 123135K, committed 125440K, reserved 1179648K
  class space    used 16488K, committed 17600K, reserved 1048576K
}
Event: 30.957 GC heap after
{Heap after GC invocations=55 (full 0):
 garbage-first heap   total 208896K, used 131792K [0x0000000080000000, 0x0000000100000000)
  region size 1024K, 9 young (9216K), 9 survivors (9216K)
 Metaspace       used 123135K, committed 125440K, reserved 1179648K
  class space    used 16488K, committed 17600K, reserved 1048576K
}
Event: 31.331 GC heap before
{Heap before GC invocations=56 (full 0):
 garbage-first heap   total 222208K, used 185040K [0x0000000080000000, 0x0000000100000000)
  region size 1024K, 62 young (63488K), 9 survivors (9216K)
 Metaspace       used 123759K, committed 126080K, reserved 1179648K
  class space    used 16592K, committed 17792K, reserved 1048576K
}
Event: 31.340 GC heap after
{Heap after GC invocations=57 (full 0):
 garbage-first heap   total 222208K, used 133752K [0x0000000080000000, 0x0000000100000000)
  region size 1024K, 4 young (4096K), 4 survivors (4096K)
 Metaspace       used 123759K, committed 126080K, reserved 1179648K
  class space    used 16592K, committed 17792K, reserved 1048576K
}
Event: 31.701 GC heap before
{Heap before GC invocations=57 (full 0):
 garbage-first heap   total 222208K, used 204408K [0x0000000080000000, 0x0000000100000000)
  region size 1024K, 74 young (75776K), 4 survivors (4096K)
 Metaspace       used 123848K, committed 126208K, reserved 1179648K
  class space    used 16603K, committed 17792K, reserved 1048576K
}
Event: 31.711 GC heap after
{Heap after GC invocations=58 (full 0):
 garbage-first heap   total 222208K, used 135039K [0x0000000080000000, 0x0000000100000000)
  region size 1024K, 6 young (6144K), 6 survivors (6144K)
 Metaspace       used 123848K, committed 126208K, reserved 1179648K
  class space    used 16603K, committed 17792K, reserved 1048576K
}
Event: 32.191 GC heap before
{Heap before GC invocations=58 (full 0):
 garbage-first heap   total 222208K, used 201599K [0x0000000080000000, 0x0000000100000000)
  region size 1024K, 72 young (73728K), 6 survivors (6144K)
 Metaspace       used 124102K, committed 126400K, reserved 1179648K
  class space    used 16637K, committed 17792K, reserved 1048576K
}
Event: 32.201 GC heap after
{Heap after GC invocations=59 (full 0):
 garbage-first heap   total 222208K, used 136761K [0x0000000080000000, 0x0000000100000000)
  region size 1024K, 6 young (6144K), 6 survivors (6144K)
 Metaspace       used 124102K, committed 126400K, reserved 1179648K
  class space    used 16637K, committed 17792K, reserved 1048576K
}
Event: 33.432 GC heap before
{Heap before GC invocations=60 (full 0):
 garbage-first heap   total 232448K, used 230969K [0x0000000080000000, 0x0000000100000000)
  region size 1024K, 52 young (53248K), 6 survivors (6144K)
 Metaspace       used 127598K, committed 129984K, reserved 1179648K
  class space    used 17131K, committed 18304K, reserved 1048576K
}
Event: 33.449 GC heap after
{Heap after GC invocations=61 (full 0):
 garbage-first heap   total 258048K, used 201102K [0x0000000080000000, 0x0000000100000000)
  region size 1024K, 9 young (9216K), 9 survivors (9216K)
 Metaspace       used 127598K, committed 129984K, reserved 1179648K
  class space    used 17131K, committed 18304K, reserved 1048576K
}
Event: 33.474 GC heap before
{Heap before GC invocations=61 (full 0):
 garbage-first heap   total 264192K, used 262542K [0x0000000080000000, 0x0000000100000000)
  region size 1024K, 30 young (30720K), 9 survivors (9216K)
 Metaspace       used 127607K, committed 129984K, reserved 1179648K
  class space    used 17131K, committed 18304K, reserved 1048576K
}
Event: 33.489 GC heap after
{Heap after GC invocations=62 (full 0):
 garbage-first heap   total 285696K, used 226439K [0x0000000080000000, 0x0000000100000000)
  region size 1024K, 6 young (6144K), 6 survivors (6144K)
 Metaspace       used 127607K, committed 129984K, reserved 1179648K
  class space    used 17131K, committed 18304K, reserved 1048576K
}
Event: 33.490 GC heap before
{Heap before GC invocations=62 (full 0):
 garbage-first heap   total 285696K, used 227463K [0x0000000080000000, 0x0000000100000000)
  region size 1024K, 8 young (8192K), 6 survivors (6144K)
 Metaspace       used 127607K, committed 129984K, reserved 1179648K
  class space    used 17131K, committed 18304K, reserved 1048576K
}
Event: 33.496 GC heap after
{Heap after GC invocations=63 (full 0):
 garbage-first heap   total 285696K, used 227540K [0x0000000080000000, 0x0000000100000000)
  region size 1024K, 1 young (1024K), 1 survivors (1024K)
 Metaspace       used 127607K, committed 129984K, reserved 1179648K
  class space    used 17131K, committed 18304K, reserved 1048576K
}
Event: 33.562 GC heap before
{Heap before GC invocations=63 (full 0):
 garbage-first heap   total 294912K, used 293076K [0x0000000080000000, 0x0000000100000000)
  region size 1024K, 19 young (19456K), 1 survivors (1024K)
 Metaspace       used 127612K, committed 129984K, reserved 1179648K
  class space    used 17131K, committed 18304K, reserved 1048576K
}

