# JRE version: OpenJDK Runtime Environment (21.0.6) (build 21.0.6+-13391695-b895.109)
# Java VM: OpenJDK 64-Bit Server VM (21.0.6+-13391695-b895.109, mixed mode, tiered, compressed oops, compressed class ptrs, g1 gc, windows-amd64)
GC Precious Log:
 CardTable entry size: 512
 Card Set container configuration: InlinePtr #cards 5 size 8 Array Of Cards #cards 12 size 40 Howl #buckets 4 coarsen threshold 1843 Howl Bitmap #cards 512 size 80 coarsen threshold 460 Card regions per heap region 1 cards per card region 2048
 CPUs: 12 total, 12 available
 Memory: 7531M
 Large Page Support: Disabled
 NUMA Support: Disabled
 Compressed Oops: Enabled (32-bit)
 Heap Region Size: 1M
 Heap Min Capacity: 8M
 Heap Initial Capacity: 118M
 Heap Max Capacity: 2G
 Pre-touch: Disabled
 Parallel Workers: 10
 Concurrent Workers: 3
 Concurrent Refinement Workers: 10
 Periodic GC: Disabled
Heap:
 garbage-first heap   total 317440K, used 289873K [0x0000000080000000, 0x0000000100000000)
  region size 1024K, 18 young (18432K), 1 survivors (1024K)
 Metaspace       used 127824K, committed 130176K, reserved 1179648K
  class space    used 17155K, committed 18304K, reserved 1048576K
GC Heap History (20 events):
Event: 37.427 GC heap before
{Heap before GC invocations=53 (full 0):
 garbage-first heap   total 203776K, used 184830K [0x0000000080000000, 0x0000000100000000)
  region size 1024K, 67 young (68608K), 6 survivors (6144K)
 Metaspace       used 119037K, committed 121408K, reserved 1179648K
  class space    used 15969K, committed 17152K, reserved 1048576K
}
Event: 37.434 GC heap after
{Heap after GC invocations=54 (full 0):
 garbage-first heap   total 203776K, used 126003K [0x0000000080000000, 0x0000000100000000)
  region size 1024K, 7 young (7168K), 7 survivors (7168K)
 Metaspace       used 119037K, committed 121408K, reserved 1179648K
  class space    used 15969K, committed 17152K, reserved 1048576K
}
Event: 38.290 GC heap before
{Heap before GC invocations=55 (full 0):
 garbage-first heap   total 211968K, used 183347K [0x0000000080000000, 0x0000000100000000)
  region size 1024K, 64 young (65536K), 7 survivors (7168K)
 Metaspace       used 119327K, committed 121664K, reserved 1179648K
  class space    used 15998K, committed 17152K, reserved 1048576K
}
Event: 38.299 GC heap after
{Heap after GC invocations=56 (full 0):
 garbage-first heap   total 211968K, used 129986K [0x0000000080000000, 0x0000000100000000)
  region size 1024K, 8 young (8192K), 8 survivors (8192K)
 Metaspace       used 119327K, committed 121664K, reserved 1179648K
  class space    used 15998K, committed 17152K, reserved 1048576K
}
Event: 39.680 GC heap before
{Heap before GC invocations=56 (full 0):
 garbage-first heap   total 211968K, used 191426K [0x0000000080000000, 0x0000000100000000)
  region size 1024K, 69 young (70656K), 8 survivors (8192K)
 Metaspace       used 120233K, committed 122560K, reserved 1179648K
  class space    used 16147K, committed 17344K, reserved 1048576K
}
Event: 39.689 GC heap after
{Heap after GC invocations=57 (full 0):
 garbage-first heap   total 211968K, used 130280K [0x0000000080000000, 0x0000000100000000)
  region size 1024K, 5 young (5120K), 5 survivors (5120K)
 Metaspace       used 120233K, committed 122560K, reserved 1179648K
  class space    used 16147K, committed 17344K, reserved 1048576K
}
Event: 40.444 GC heap before
{Heap before GC invocations=57 (full 0):
 garbage-first heap   total 211968K, used 192744K [0x0000000080000000, 0x0000000100000000)
  region size 1024K, 67 young (68608K), 5 survivors (5120K)
 Metaspace       used 123399K, committed 125760K, reserved 1179648K
  class space    used 16520K, committed 17728K, reserved 1048576K
}
Event: 40.452 GC heap after
{Heap after GC invocations=58 (full 0):
 garbage-first heap   total 211968K, used 134491K [0x0000000080000000, 0x0000000100000000)
  region size 1024K, 9 young (9216K), 9 survivors (9216K)
 Metaspace       used 123399K, committed 125760K, reserved 1179648K
  class space    used 16520K, committed 17728K, reserved 1048576K
}
Event: 40.866 GC heap before
{Heap before GC invocations=59 (full 0):
 garbage-first heap   total 227328K, used 187739K [0x0000000080000000, 0x0000000100000000)
  region size 1024K, 62 young (63488K), 9 survivors (9216K)
 Metaspace       used 123811K, committed 126144K, reserved 1179648K
  class space    used 16592K, committed 17728K, reserved 1048576K
}
Event: 40.874 GC heap after
{Heap after GC invocations=60 (full 0):
 garbage-first heap   total 227328K, used 136187K [0x0000000080000000, 0x0000000100000000)
  region size 1024K, 4 young (4096K), 4 survivors (4096K)
 Metaspace       used 123811K, committed 126144K, reserved 1179648K
  class space    used 16592K, committed 17728K, reserved 1048576K
}
Event: 41.350 GC heap before
{Heap before GC invocations=60 (full 0):
 garbage-first heap   total 227328K, used 207867K [0x0000000080000000, 0x0000000100000000)
  region size 1024K, 75 young (76800K), 4 survivors (4096K)
 Metaspace       used 123862K, committed 126144K, reserved 1179648K
  class space    used 16596K, committed 17728K, reserved 1048576K
}
Event: 41.359 GC heap after
{Heap after GC invocations=61 (full 0):
 garbage-first heap   total 227328K, used 137161K [0x0000000080000000, 0x0000000100000000)
  region size 1024K, 6 young (6144K), 6 survivors (6144K)
 Metaspace       used 123862K, committed 126144K, reserved 1179648K
  class space    used 16596K, committed 17728K, reserved 1048576K
}
Event: 41.996 GC heap before
{Heap before GC invocations=61 (full 0):
 garbage-first heap   total 227328K, used 204745K [0x0000000080000000, 0x0000000100000000)
  region size 1024K, 74 young (75776K), 6 survivors (6144K)
 Metaspace       used 124238K, committed 126528K, reserved 1179648K
  class space    used 16642K, committed 17792K, reserved 1048576K
}
Event: 42.004 GC heap after
{Heap after GC invocations=62 (full 0):
 garbage-first heap   total 227328K, used 139009K [0x0000000080000000, 0x0000000100000000)
  region size 1024K, 7 young (7168K), 7 survivors (7168K)
 Metaspace       used 124238K, committed 126528K, reserved 1179648K
  class space    used 16642K, committed 17792K, reserved 1048576K
}
Event: 43.640 GC heap before
{Heap before GC invocations=63 (full 0):
 garbage-first heap   total 254976K, used 252673K [0x0000000080000000, 0x0000000100000000)
  region size 1024K, 58 young (59392K), 7 survivors (7168K)
 Metaspace       used 127618K, committed 129984K, reserved 1179648K
  class space    used 17123K, committed 18304K, reserved 1048576K
}
Event: 43.657 GC heap after
{Heap after GC invocations=64 (full 0):
 garbage-first heap   total 282624K, used 211678K [0x0000000080000000, 0x0000000100000000)
  region size 1024K, 9 young (9216K), 9 survivors (9216K)
 Metaspace       used 127618K, committed 129984K, reserved 1179648K
  class space    used 17123K, committed 18304K, reserved 1048576K
}
Event: 43.693 GC heap before
{Heap before GC invocations=64 (full 0):
 garbage-first heap   total 293888K, used 292574K [0x0000000080000000, 0x0000000100000000)
  region size 1024K, 32 young (32768K), 9 survivors (9216K)
 Metaspace       used 127623K, committed 129984K, reserved 1179648K
  class space    used 17123K, committed 18304K, reserved 1048576K
}
Event: 43.707 GC heap after
{Heap after GC invocations=65 (full 0):
 garbage-first heap   total 317440K, used 244500K [0x0000000080000000, 0x0000000100000000)
  region size 1024K, 7 young (7168K), 7 survivors (7168K)
 Metaspace       used 127623K, committed 129984K, reserved 1179648K
  class space    used 17123K, committed 18304K, reserved 1048576K
}
Event: 43.707 GC heap before
{Heap before GC invocations=65 (full 0):
 garbage-first heap   total 317440K, used 244500K [0x0000000080000000, 0x0000000100000000)
  region size 1024K, 8 young (8192K), 7 survivors (7168K)
 Metaspace       used 127623K, committed 129984K, reserved 1179648K
  class space    used 17123K, committed 18304K, reserved 1048576K
}
Event: 43.712 GC heap after
{Heap after GC invocations=66 (full 0):
 garbage-first heap   total 317440K, used 244817K [0x0000000080000000, 0x0000000100000000)
  region size 1024K, 1 young (1024K), 1 survivors (1024K)
 Metaspace       used 127623K, committed 129984K, reserved 1179648K
  class space    used 17123K, committed 18304K, reserved 1048576K
}

