# JRE version: OpenJDK Runtime Environment (21.0.6) (build 21.0.6+-13391695-b895.109)
# Java VM: OpenJDK 64-Bit Server VM (21.0.6+-13391695-b895.109, mixed mode, tiered, compressed oops, compressed class ptrs, g1 gc, windows-amd64)
GC Precious Log:
 CardTable entry size: 512
 Card Set container configuration: InlinePtr #cards 5 size 8 Array Of Cards #cards 12 size 40 Howl #buckets 4 coarsen threshold 1843 Howl Bitmap #cards 512 size 80 coarsen threshold 460 Card regions per heap region 1 cards per card region 2048
 CPUs: 12 total, 12 available
 Memory: 7531M
 Large Page Support: Disabled
 NUMA Support: Disabled
 Compressed Oops: Enabled (32-bit)
 Heap Region Size: 1M
 Heap Min Capacity: 8M
 Heap Initial Capacity: 118M
 Heap Max Capacity: 2G
 Pre-touch: Disabled
 Parallel Workers: 10
 Concurrent Workers: 3
 Concurrent Refinement Workers: 10
 Periodic GC: Disabled
Heap:
 garbage-first heap   total 312320K, used 295518K [0x0000000080000000, 0x0000000100000000)
  region size 1024K, 19 young (19456K), 2 survivors (2048K)
 Metaspace       used 127902K, committed 130304K, reserved 1179648K
  class space    used 17159K, committed 18368K, reserved 1048576K
GC Heap History (20 events):
Event: 49.491 GC heap before
{Heap before GC invocations=58 (full 0):
 garbage-first heap   total 203776K, used 183398K [0x0000000080000000, 0x0000000100000000)
  region size 1024K, 67 young (68608K), 7 survivors (7168K)
 Metaspace       used 119289K, committed 121600K, reserved 1179648K
  class space    used 15987K, committed 17152K, reserved 1048576K
}
Event: 49.517 GC heap after
{Heap after GC invocations=59 (full 0):
 garbage-first heap   total 203776K, used 125686K [0x0000000080000000, 0x0000000100000000)
  region size 1024K, 7 young (7168K), 7 survivors (7168K)
 Metaspace       used 119289K, committed 121600K, reserved 1179648K
  class space    used 15987K, committed 17152K, reserved 1048576K
}
Event: 53.635 GC heap before
{Heap before GC invocations=60 (full 0):
 garbage-first heap   total 209920K, used 184054K [0x0000000080000000, 0x0000000100000000)
  region size 1024K, 65 young (66560K), 7 survivors (7168K)
 Metaspace       used 119530K, committed 121856K, reserved 1179648K
  class space    used 16020K, committed 17216K, reserved 1048576K
}
Event: 53.643 GC heap after
{Heap after GC invocations=61 (full 0):
 garbage-first heap   total 209920K, used 129024K [0x0000000080000000, 0x0000000100000000)
  region size 1024K, 8 young (8192K), 8 survivors (8192K)
 Metaspace       used 119530K, committed 121856K, reserved 1179648K
  class space    used 16020K, committed 17216K, reserved 1048576K
}
Event: 55.484 GC heap before
{Heap before GC invocations=61 (full 0):
 garbage-first heap   total 209920K, used 189440K [0x0000000080000000, 0x0000000100000000)
  region size 1024K, 68 young (69632K), 8 survivors (8192K)
 Metaspace       used 122601K, committed 124928K, reserved 1179648K
  class space    used 16402K, committed 17600K, reserved 1048576K
}
Event: 55.497 GC heap after
{Heap after GC invocations=62 (full 0):
 garbage-first heap   total 209920K, used 132182K [0x0000000080000000, 0x0000000100000000)
  region size 1024K, 7 young (7168K), 7 survivors (7168K)
 Metaspace       used 122601K, committed 124928K, reserved 1179648K
  class space    used 16402K, committed 17600K, reserved 1048576K
}
Event: 55.899 GC heap before
{Heap before GC invocations=62 (full 0):
 garbage-first heap   total 209920K, used 189526K [0x0000000080000000, 0x0000000100000000)
  region size 1024K, 64 young (65536K), 7 survivors (7168K)
 Metaspace       used 123941K, committed 126336K, reserved 1179648K
  class space    used 16605K, committed 17792K, reserved 1048576K
}
Event: 55.908 GC heap after
{Heap after GC invocations=63 (full 0):
 garbage-first heap   total 209920K, used 134325K [0x0000000080000000, 0x0000000100000000)
  region size 1024K, 5 young (5120K), 5 survivors (5120K)
 Metaspace       used 123941K, committed 126336K, reserved 1179648K
  class space    used 16605K, committed 17792K, reserved 1048576K
}
Event: 56.579 GC heap before
{Heap before GC invocations=64 (full 0):
 garbage-first heap   total 225280K, used 191669K [0x0000000080000000, 0x0000000100000000)
  region size 1024K, 62 young (63488K), 5 survivors (5120K)
 Metaspace       used 123992K, committed 126336K, reserved 1179648K
  class space    used 16610K, committed 17792K, reserved 1048576K
}
Event: 56.587 GC heap after
{Heap after GC invocations=65 (full 0):
 garbage-first heap   total 225280K, used 135927K [0x0000000080000000, 0x0000000100000000)
  region size 1024K, 6 young (6144K), 6 survivors (6144K)
 Metaspace       used 123992K, committed 126336K, reserved 1179648K
  class space    used 16610K, committed 17792K, reserved 1048576K
}
Event: 57.340 GC heap before
{Heap before GC invocations=65 (full 0):
 garbage-first heap   total 225280K, used 206583K [0x0000000080000000, 0x0000000100000000)
  region size 1024K, 76 young (77824K), 6 survivors (6144K)
 Metaspace       used 123992K, committed 126336K, reserved 1179648K
  class space    used 16610K, committed 17792K, reserved 1048576K
}
Event: 57.348 GC heap after
{Heap after GC invocations=66 (full 0):
 garbage-first heap   total 225280K, used 136783K [0x0000000080000000, 0x0000000100000000)
  region size 1024K, 6 young (6144K), 6 survivors (6144K)
 Metaspace       used 123992K, committed 126336K, reserved 1179648K
  class space    used 16610K, committed 17792K, reserved 1048576K
}
Event: 57.893 GC heap before
{Heap before GC invocations=66 (full 0):
 garbage-first heap   total 225280K, used 179791K [0x0000000080000000, 0x0000000100000000)
  region size 1024K, 50 young (51200K), 6 survivors (6144K)
 Metaspace       used 124354K, committed 126720K, reserved 1179648K
  class space    used 16656K, committed 17856K, reserved 1048576K
}
Event: 57.901 GC heap after
{Heap after GC invocations=67 (full 0):
 garbage-first heap   total 225280K, used 137816K [0x0000000080000000, 0x0000000100000000)
  region size 1024K, 7 young (7168K), 7 survivors (7168K)
 Metaspace       used 124354K, committed 126720K, reserved 1179648K
  class space    used 16656K, committed 17856K, reserved 1048576K
}
Event: 59.307 GC heap before
{Heap before GC invocations=68 (full 0):
 garbage-first heap   total 251904K, used 249432K [0x0000000080000000, 0x0000000100000000)
  region size 1024K, 56 young (57344K), 7 survivors (7168K)
 Metaspace       used 127739K, committed 130112K, reserved 1179648K
  class space    used 17135K, committed 18304K, reserved 1048576K
}
Event: 59.326 GC heap after
{Heap after GC invocations=69 (full 0):
 garbage-first heap   total 282624K, used 213627K [0x0000000080000000, 0x0000000100000000)
  region size 1024K, 9 young (9216K), 9 survivors (9216K)
 Metaspace       used 127739K, committed 130112K, reserved 1179648K
  class space    used 17135K, committed 18304K, reserved 1048576K
}
Event: 59.364 GC heap before
{Heap before GC invocations=69 (full 0):
 garbage-first heap   total 290816K, used 289403K [0x0000000080000000, 0x0000000100000000)
  region size 1024K, 32 young (32768K), 9 survivors (9216K)
 Metaspace       used 127740K, committed 130112K, reserved 1179648K
  class space    used 17135K, committed 18304K, reserved 1048576K
}
Event: 59.381 GC heap after
{Heap after GC invocations=70 (full 0):
 garbage-first heap   total 312320K, used 244199K [0x0000000080000000, 0x0000000100000000)
  region size 1024K, 7 young (7168K), 7 survivors (7168K)
 Metaspace       used 127740K, committed 130112K, reserved 1179648K
  class space    used 17135K, committed 18304K, reserved 1048576K
}
Event: 59.384 GC heap before
{Heap before GC invocations=70 (full 0):
 garbage-first heap   total 312320K, used 245223K [0x0000000080000000, 0x0000000100000000)
  region size 1024K, 10 young (10240K), 7 survivors (7168K)
 Metaspace       used 127742K, committed 130112K, reserved 1179648K
  class space    used 17135K, committed 18304K, reserved 1048576K
}
Event: 59.389 GC heap after
{Heap after GC invocations=71 (full 0):
 garbage-first heap   total 312320K, used 245342K [0x0000000080000000, 0x0000000100000000)
  region size 1024K, 2 young (2048K), 2 survivors (2048K)
 Metaspace       used 127742K, committed 130112K, reserved 1179648K
  class space    used 17135K, committed 18304K, reserved 1048576K
}

